<?xml version="1.0" encoding="UTF-8"?>
<!-- Generated by org.testng.reporters.JUnitReportReporter -->
<testsuite skipped="0" hostname="AQMIT-DSK-10161" name="com.aqm.bdb.runner.TestNgRunner" tests="1" failures="0" timestamp="2022-11-02T13:03:41 IST" time="2.783" errors="0">
  <testcase name="runner1" time="2.783" classname="com.aqm.bdb.runner.TestNgRunner"/>
  <system-out/>
</testsuite> <!-- com.aqm.bdb.runner.TestNgRunner -->
